[2018-02-07 18:01:37,004] INFO [controller-event-thread]: Starting (kafka.controller.ControllerEventManager$ControllerEventThread)
[2018-02-07 18:01:37,020] INFO [Controller id=0] 0 successfully elected as the controller (kafka.controller.KafkaController)
[2018-02-07 18:01:37,021] INFO [Controller id=0] Starting become controller state transition (kafka.controller.KafkaController)
[2018-02-07 18:01:37,027] INFO [Controller id=0] Incremented epoch to 1 (kafka.controller.KafkaController)
[2018-02-07 18:01:37,030] DEBUG [Controller id=0] Registering IsrChangeNotificationListener (kafka.controller.KafkaController)
[2018-02-07 18:01:37,036] DEBUG [Controller id=0] Registering logDirEventNotificationListener (kafka.controller.KafkaController)
[2018-02-07 18:01:37,055] INFO [Controller id=0] Partitions being reassigned: Map() (kafka.controller.KafkaController)
[2018-02-07 18:01:37,055] INFO [Controller id=0] Partitions already reassigned: Set() (kafka.controller.KafkaController)
[2018-02-07 18:01:37,057] INFO [Controller id=0] Resuming reassignment of partitions: Map() (kafka.controller.KafkaController)
[2018-02-07 18:01:37,057] INFO [Controller id=0] Currently active brokers in the cluster: Set() (kafka.controller.KafkaController)
[2018-02-07 18:01:37,058] INFO [Controller id=0] Currently shutting brokers in the cluster: Set() (kafka.controller.KafkaController)
[2018-02-07 18:01:37,058] INFO [Controller id=0] Current list of topics in the cluster: Set() (kafka.controller.KafkaController)
[2018-02-07 18:01:37,061] INFO [Controller id=0] List of topics to be deleted:  (kafka.controller.KafkaController)
[2018-02-07 18:01:37,062] INFO [Controller id=0] List of topics ineligible for deletion:  (kafka.controller.KafkaController)
[2018-02-07 18:01:37,080] INFO [ReplicaStateMachine controllerId=0] Started replica state machine with initial state -> Map() (kafka.controller.ReplicaStateMachine)
[2018-02-07 18:01:37,084] INFO [PartitionStateMachine controllerId=0] Started partition state machine with initial state -> Map() (kafka.controller.PartitionStateMachine)
[2018-02-07 18:01:37,085] INFO [Controller id=0] Ready to serve as the new controller with epoch 1 (kafka.controller.KafkaController)
[2018-02-07 18:01:37,089] INFO [Controller id=0] Partitions undergoing preferred replica election:  (kafka.controller.KafkaController)
[2018-02-07 18:01:37,090] INFO [Controller id=0] Partitions that completed preferred replica election:  (kafka.controller.KafkaController)
[2018-02-07 18:01:37,090] INFO [Controller id=0] Skipping preferred replica election for partitions due to topic deletion:  (kafka.controller.KafkaController)
[2018-02-07 18:01:37,091] INFO [Controller id=0] Resuming preferred replica election for partitions:  (kafka.controller.KafkaController)
[2018-02-07 18:01:37,091] INFO [Controller id=0] Starting preferred replica leader election for partitions  (kafka.controller.KafkaController)
[2018-02-07 18:01:37,094] INFO [PartitionStateMachine controllerId=0] Invoking state change to OnlinePartition for partitions  (kafka.controller.PartitionStateMachine)
[2018-02-07 18:01:37,098] INFO [Controller id=0] Starting the controller scheduler (kafka.controller.KafkaController)
[2018-02-07 18:01:37,125] INFO [Controller id=0] Newly added brokers: 0, deleted brokers: , all live brokers: 0 (kafka.controller.KafkaController)
[2018-02-07 18:01:37,126] DEBUG [Channel manager on controller 0]: Controller 0 trying to connect to broker 0 (kafka.controller.ControllerChannelManager)
[2018-02-07 18:01:37,132] INFO [Controller-0-to-broker-0-send-thread]: Starting (kafka.controller.RequestSendThread)
[2018-02-07 18:01:37,133] INFO [Controller id=0] New broker startup callback for 0 (kafka.controller.KafkaController)
[2018-02-07 18:01:37,146] INFO [Controller-0-to-broker-0-send-thread]: Controller 0 connected to 192.168.20.138:9092 (id: 0 rack: null) for sending state change requests (kafka.controller.RequestSendThread)
[2018-02-07 18:01:42,103] TRACE [Controller id=0] Checking need to trigger auto leader balancing (kafka.controller.KafkaController)
[2018-02-07 18:01:42,107] DEBUG [Controller id=0] Preferred replicas by broker Map() (kafka.controller.KafkaController)
[2018-02-07 18:05:51,892] INFO [Controller id=0] New topics: [Set(mytest)], deleted topics: [Set()], new partition replica assignment [Map(mytest-0 -> Vector(0))] (kafka.controller.KafkaController)
[2018-02-07 18:05:51,893] INFO [Controller id=0] New topic creation callback for mytest-0 (kafka.controller.KafkaController)
[2018-02-07 18:05:51,897] INFO [Controller id=0] New partition creation callback for mytest-0 (kafka.controller.KafkaController)
[2018-02-07 18:05:51,897] INFO [PartitionStateMachine controllerId=0] Invoking state change to NewPartition for partitions mytest-0 (kafka.controller.PartitionStateMachine)
[2018-02-07 18:05:51,900] INFO [ReplicaStateMachine controllerId=0] Invoking state change to NewReplica for replicas [Topic=mytest,Partition=0,Replica=0] (kafka.controller.ReplicaStateMachine)
[2018-02-07 18:05:51,904] INFO [PartitionStateMachine controllerId=0] Invoking state change to OnlinePartition for partitions mytest-0 (kafka.controller.PartitionStateMachine)
[2018-02-07 18:05:51,905] DEBUG [PartitionStateMachine controllerId=0] Live assigned replicas for partition mytest-0 are: [List(0)] (kafka.controller.PartitionStateMachine)
[2018-02-07 18:05:51,907] DEBUG [PartitionStateMachine controllerId=0] Initializing leader and isr for partition mytest-0 to (Leader:0,ISR:0,LeaderEpoch:0,ControllerEpoch:1) (kafka.controller.PartitionStateMachine)
[2018-02-07 18:05:51,918] INFO [ReplicaStateMachine controllerId=0] Invoking state change to OnlineReplica for replicas [Topic=mytest,Partition=0,Replica=0] (kafka.controller.ReplicaStateMachine)
[2018-02-07 18:06:42,102] TRACE [Controller id=0] Checking need to trigger auto leader balancing (kafka.controller.KafkaController)
[2018-02-07 18:06:42,103] DEBUG [Controller id=0] Preferred replicas by broker Map(0 -> Map(mytest-0 -> Vector(0))) (kafka.controller.KafkaController)
[2018-02-07 18:06:42,105] DEBUG [Controller id=0] Topics not in preferred replica Map() (kafka.controller.KafkaController)
[2018-02-07 18:06:42,106] TRACE [Controller id=0] Leader imbalance ratio for broker 0 is 0.0 (kafka.controller.KafkaController)
[2018-02-07 18:09:16,118] INFO [Controller id=0] New topics: [Set(__consumer_offsets)], deleted topics: [Set()], new partition replica assignment [Map(__consumer_offsets-19 -> Vector(0), __consumer_offsets-30 -> Vector(0), __consumer_offsets-47 -> Vector(0), __consumer_offsets-29 -> Vector(0), __consumer_offsets-41 -> Vector(0), __consumer_offsets-39 -> Vector(0), __consumer_offsets-10 -> Vector(0), __consumer_offsets-17 -> Vector(0), __consumer_offsets-14 -> Vector(0), __consumer_offsets-40 -> Vector(0), __consumer_offsets-18 -> Vector(0), __consumer_offsets-26 -> Vector(0), __consumer_offsets-0 -> Vector(0), __consumer_offsets-24 -> Vector(0), __consumer_offsets-33 -> Vector(0), __consumer_offsets-20 -> Vector(0), __consumer_offsets-21 -> Vector(0), __consumer_offsets-3 -> Vector(0), __consumer_offsets-5 -> Vector(0), __consumer_offsets-22 -> Vector(0), __consumer_offsets-12 -> Vector(0), __consumer_offsets-8 -> Vector(0), __consumer_offsets-23 -> Vector(0), __consumer_offsets-15 -> Vector(0), __consumer_offsets-48 -> Vector(0), __consumer_offsets-11 -> Vector(0), __consumer_offsets-13 -> Vector(0), __consumer_offsets-49 -> Vector(0), __consumer_offsets-6 -> Vector(0), __consumer_offsets-28 -> Vector(0), __consumer_offsets-4 -> Vector(0), __consumer_offsets-37 -> Vector(0), __consumer_offsets-31 -> Vector(0), __consumer_offsets-44 -> Vector(0), __consumer_offsets-42 -> Vector(0), __consumer_offsets-34 -> Vector(0), __consumer_offsets-46 -> Vector(0), __consumer_offsets-25 -> Vector(0), __consumer_offsets-45 -> Vector(0), __consumer_offsets-27 -> Vector(0), __consumer_offsets-32 -> Vector(0), __consumer_offsets-43 -> Vector(0), __consumer_offsets-36 -> Vector(0), __consumer_offsets-35 -> Vector(0), __consumer_offsets-7 -> Vector(0), __consumer_offsets-9 -> Vector(0), __consumer_offsets-38 -> Vector(0), __consumer_offsets-1 -> Vector(0), __consumer_offsets-16 -> Vector(0), __consumer_offsets-2 -> Vector(0))] (kafka.controller.KafkaController)
[2018-02-07 18:09:16,119] INFO [Controller id=0] New topic creation callback for __consumer_offsets-19,__consumer_offsets-30,__consumer_offsets-47,__consumer_offsets-29,__consumer_offsets-41,__consumer_offsets-39,__consumer_offsets-10,__consumer_offsets-17,__consumer_offsets-14,__consumer_offsets-40,__consumer_offsets-18,__consumer_offsets-26,__consumer_offsets-0,__consumer_offsets-24,__consumer_offsets-33,__consumer_offsets-20,__consumer_offsets-21,__consumer_offsets-3,__consumer_offsets-5,__consumer_offsets-22,__consumer_offsets-12,__consumer_offsets-8,__consumer_offsets-23,__consumer_offsets-15,__consumer_offsets-48,__consumer_offsets-11,__consumer_offsets-13,__consumer_offsets-49,__consumer_offsets-6,__consumer_offsets-28,__consumer_offsets-4,__consumer_offsets-37,__consumer_offsets-31,__consumer_offsets-44,__consumer_offsets-42,__consumer_offsets-34,__consumer_offsets-46,__consumer_offsets-25,__consumer_offsets-45,__consumer_offsets-27,__consumer_offsets-32,__consumer_offsets-43,__consumer_offsets-36,__consumer_offsets-35,__consumer_offsets-7,__consumer_offsets-9,__consumer_offsets-38,__consumer_offsets-1,__consumer_offsets-16,__consumer_offsets-2 (kafka.controller.KafkaController)
[2018-02-07 18:09:16,120] INFO [Controller id=0] New partition creation callback for __consumer_offsets-19,__consumer_offsets-30,__consumer_offsets-47,__consumer_offsets-29,__consumer_offsets-41,__consumer_offsets-39,__consumer_offsets-10,__consumer_offsets-17,__consumer_offsets-14,__consumer_offsets-40,__consumer_offsets-18,__consumer_offsets-26,__consumer_offsets-0,__consumer_offsets-24,__consumer_offsets-33,__consumer_offsets-20,__consumer_offsets-21,__consumer_offsets-3,__consumer_offsets-5,__consumer_offsets-22,__consumer_offsets-12,__consumer_offsets-8,__consumer_offsets-23,__consumer_offsets-15,__consumer_offsets-48,__consumer_offsets-11,__consumer_offsets-13,__consumer_offsets-49,__consumer_offsets-6,__consumer_offsets-28,__consumer_offsets-4,__consumer_offsets-37,__consumer_offsets-31,__consumer_offsets-44,__consumer_offsets-42,__consumer_offsets-34,__consumer_offsets-46,__consumer_offsets-25,__consumer_offsets-45,__consumer_offsets-27,__consumer_offsets-32,__consumer_offsets-43,__consumer_offsets-36,__consumer_offsets-35,__consumer_offsets-7,__consumer_offsets-9,__consumer_offsets-38,__consumer_offsets-1,__consumer_offsets-16,__consumer_offsets-2 (kafka.controller.KafkaController)
[2018-02-07 18:09:16,120] INFO [PartitionStateMachine controllerId=0] Invoking state change to NewPartition for partitions __consumer_offsets-19,__consumer_offsets-30,__consumer_offsets-47,__consumer_offsets-29,__consumer_offsets-41,__consumer_offsets-39,__consumer_offsets-10,__consumer_offsets-17,__consumer_offsets-14,__consumer_offsets-40,__consumer_offsets-18,__consumer_offsets-26,__consumer_offsets-0,__consumer_offsets-24,__consumer_offsets-33,__consumer_offsets-20,__consumer_offsets-21,__consumer_offsets-3,__consumer_offsets-5,__consumer_offsets-22,__consumer_offsets-12,__consumer_offsets-8,__consumer_offsets-23,__consumer_offsets-15,__consumer_offsets-48,__consumer_offsets-11,__consumer_offsets-13,__consumer_offsets-49,__consumer_offsets-6,__consumer_offsets-28,__consumer_offsets-4,__consumer_offsets-37,__consumer_offsets-31,__consumer_offsets-44,__consumer_offsets-42,__consumer_offsets-34,__consumer_offsets-46,__consumer_offsets-25,__consumer_offsets-45,__consumer_offsets-27,__consumer_offsets-32,__consumer_offsets-43,__consumer_offsets-36,__consumer_offsets-35,__consumer_offsets-7,__consumer_offsets-9,__consumer_offsets-38,__consumer_offsets-1,__consumer_offsets-16,__consumer_offsets-2 (kafka.controller.PartitionStateMachine)
[2018-02-07 18:09:16,129] INFO [ReplicaStateMachine controllerId=0] Invoking state change to NewReplica for replicas [Topic=__consumer_offsets,Partition=25,Replica=0],[Topic=__consumer_offsets,Partition=12,Replica=0],[Topic=__consumer_offsets,Partition=31,Replica=0],[Topic=__consumer_offsets,Partition=40,Replica=0],[Topic=__consumer_offsets,Partition=35,Replica=0],[Topic=__consumer_offsets,Partition=9,Replica=0],[Topic=__consumer_offsets,Partition=43,Replica=0],[Topic=__consumer_offsets,Partition=2,Replica=0],[Topic=__consumer_offsets,Partition=11,Replica=0],[Topic=__consumer_offsets,Partition=29,Replica=0],[Topic=__consumer_offsets,Partition=30,Replica=0],[Topic=__consumer_offsets,Partition=4,Replica=0],[Topic=__consumer_offsets,Partition=42,Replica=0],[Topic=__consumer_offsets,Partition=26,Replica=0],[Topic=__consumer_offsets,Partition=34,Replica=0],[Topic=__consumer_offsets,Partition=17,Replica=0],[Topic=__consumer_offsets,Partition=37,Replica=0],[Topic=__consumer_offsets,Partition=27,Replica=0],[Topic=__consumer_offsets,Partition=10,Replica=0],[Topic=__consumer_offsets,Partition=41,Replica=0],[Topic=__consumer_offsets,Partition=20,Replica=0],[Topic=__consumer_offsets,Partition=28,Replica=0],[Topic=__consumer_offsets,Partition=46,Replica=0],[Topic=__consumer_offsets,Partition=39,Replica=0],[Topic=__consumer_offsets,Partition=47,Replica=0],[Topic=__consumer_offsets,Partition=49,Replica=0],[Topic=__consumer_offsets,Partition=22,Replica=0],[Topic=__consumer_offsets,Partition=1,Replica=0],[Topic=__consumer_offsets,Partition=24,Replica=0],[Topic=__consumer_offsets,Partition=6,Replica=0],[Topic=__consumer_offsets,Partition=36,Replica=0],[Topic=__consumer_offsets,Partition=8,Replica=0],[Topic=__consumer_offsets,Partition=38,Replica=0],[Topic=__consumer_offsets,Partition=16,Replica=0],[Topic=__consumer_offsets,Partition=21,Replica=0],[Topic=__consumer_offsets,Partition=18,Replica=0],[Topic=__consumer_offsets,Partition=0,Replica=0],[Topic=__consumer_offsets,Partition=48,Replica=0],[Topic=__consumer_offsets,Partition=5,Replica=0],[Topic=__consumer_offsets,Partition=13,Replica=0],[Topic=__consumer_offsets,Partition=3,Replica=0],[Topic=__consumer_offsets,Partition=44,Replica=0],[Topic=__consumer_offsets,Partition=15,Replica=0],[Topic=__consumer_offsets,Partition=7,Replica=0],[Topic=__consumer_offsets,Partition=19,Replica=0],[Topic=__consumer_offsets,Partition=33,Replica=0],[Topic=__consumer_offsets,Partition=45,Replica=0],[Topic=__consumer_offsets,Partition=23,Replica=0],[Topic=__consumer_offsets,Partition=32,Replica=0],[Topic=__consumer_offsets,Partition=14,Replica=0] (kafka.controller.ReplicaStateMachine)
[2018-02-07 18:09:16,152] INFO [PartitionStateMachine controllerId=0] Invoking state change to OnlinePartition for partitions __consumer_offsets-19,__consumer_offsets-30,__consumer_offsets-47,__consumer_offsets-29,__consumer_offsets-41,__consumer_offsets-39,__consumer_offsets-10,__consumer_offsets-17,__consumer_offsets-14,__consumer_offsets-40,__consumer_offsets-18,__consumer_offsets-26,__consumer_offsets-0,__consumer_offsets-24,__consumer_offsets-33,__consumer_offsets-20,__consumer_offsets-21,__consumer_offsets-3,__consumer_offsets-5,__consumer_offsets-22,__consumer_offsets-12,__consumer_offsets-8,__consumer_offsets-23,__consumer_offsets-15,__consumer_offsets-48,__consumer_offsets-11,__consumer_offsets-13,__consumer_offsets-49,__consumer_offsets-6,__consumer_offsets-28,__consumer_offsets-4,__consumer_offsets-37,__consumer_offsets-31,__consumer_offsets-44,__consumer_offsets-42,__consumer_offsets-34,__consumer_offsets-46,__consumer_offsets-25,__consumer_offsets-45,__consumer_offsets-27,__consumer_offsets-32,__consumer_offsets-43,__consumer_offsets-36,__consumer_offsets-35,__consumer_offsets-7,__consumer_offsets-9,__consumer_offsets-38,__consumer_offsets-1,__consumer_offsets-16,__consumer_offsets-2 (kafka.controller.PartitionStateMachine)
[2018-02-07 18:09:16,152] DEBUG [PartitionStateMachine controllerId=0] Live assigned replicas for partition __consumer_offsets-19 are: [List(0)] (kafka.controller.PartitionStateMachine)
[2018-02-07 18:09:16,152] DEBUG [PartitionStateMachine controllerId=0] Initializing leader and isr for partition __consumer_offsets-19 to (Leader:0,ISR:0,LeaderEpoch:0,ControllerEpoch:1) (kafka.controller.PartitionStateMachine)
[2018-02-07 18:09:16,156] DEBUG [PartitionStateMachine controllerId=0] Live assigned replicas for partition __consumer_offsets-30 are: [List(0)] (kafka.controller.PartitionStateMachine)
[2018-02-07 18:09:16,156] DEBUG [PartitionStateMachine controllerId=0] Initializing leader and isr for partition __consumer_offsets-30 to (Leader:0,ISR:0,LeaderEpoch:0,ControllerEpoch:1) (kafka.controller.PartitionStateMachine)
[2018-02-07 18:09:16,159] DEBUG [PartitionStateMachine controllerId=0] Live assigned replicas for partition __consumer_offsets-47 are: [List(0)] (kafka.controller.PartitionStateMachine)
[2018-02-07 18:09:16,159] DEBUG [PartitionStateMachine controllerId=0] Initializing leader and isr for partition __consumer_offsets-47 to (Leader:0,ISR:0,LeaderEpoch:0,ControllerEpoch:1) (kafka.controller.PartitionStateMachine)
[2018-02-07 18:09:16,161] DEBUG [PartitionStateMachine controllerId=0] Live assigned replicas for partition __consumer_offsets-29 are: [List(0)] (kafka.controller.PartitionStateMachine)
[2018-02-07 18:09:16,161] DEBUG [PartitionStateMachine controllerId=0] Initializing leader and isr for partition __consumer_offsets-29 to (Leader:0,ISR:0,LeaderEpoch:0,ControllerEpoch:1) (kafka.controller.PartitionStateMachine)
[2018-02-07 18:09:16,164] DEBUG [PartitionStateMachine controllerId=0] Live assigned replicas for partition __consumer_offsets-41 are: [List(0)] (kafka.controller.PartitionStateMachine)
[2018-02-07 18:09:16,164] DEBUG [PartitionStateMachine controllerId=0] Initializing leader and isr for partition __consumer_offsets-41 to (Leader:0,ISR:0,LeaderEpoch:0,ControllerEpoch:1) (kafka.controller.PartitionStateMachine)
[2018-02-07 18:09:16,168] DEBUG [PartitionStateMachine controllerId=0] Live assigned replicas for partition __consumer_offsets-39 are: [List(0)] (kafka.controller.PartitionStateMachine)
[2018-02-07 18:09:16,168] DEBUG [PartitionStateMachine controllerId=0] Initializing leader and isr for partition __consumer_offsets-39 to (Leader:0,ISR:0,LeaderEpoch:0,ControllerEpoch:1) (kafka.controller.PartitionStateMachine)
[2018-02-07 18:09:16,171] DEBUG [PartitionStateMachine controllerId=0] Live assigned replicas for partition __consumer_offsets-10 are: [List(0)] (kafka.controller.PartitionStateMachine)
[2018-02-07 18:09:16,171] DEBUG [PartitionStateMachine controllerId=0] Initializing leader and isr for partition __consumer_offsets-10 to (Leader:0,ISR:0,LeaderEpoch:0,ControllerEpoch:1) (kafka.controller.PartitionStateMachine)
[2018-02-07 18:09:16,173] DEBUG [PartitionStateMachine controllerId=0] Live assigned replicas for partition __consumer_offsets-17 are: [List(0)] (kafka.controller.PartitionStateMachine)
[2018-02-07 18:09:16,173] DEBUG [PartitionStateMachine controllerId=0] Initializing leader and isr for partition __consumer_offsets-17 to (Leader:0,ISR:0,LeaderEpoch:0,ControllerEpoch:1) (kafka.controller.PartitionStateMachine)
[2018-02-07 18:09:16,175] DEBUG [PartitionStateMachine controllerId=0] Live assigned replicas for partition __consumer_offsets-14 are: [List(0)] (kafka.controller.PartitionStateMachine)
[2018-02-07 18:09:16,175] DEBUG [PartitionStateMachine controllerId=0] Initializing leader and isr for partition __consumer_offsets-14 to (Leader:0,ISR:0,LeaderEpoch:0,ControllerEpoch:1) (kafka.controller.PartitionStateMachine)
[2018-02-07 18:09:16,178] DEBUG [PartitionStateMachine controllerId=0] Live assigned replicas for partition __consumer_offsets-40 are: [List(0)] (kafka.controller.PartitionStateMachine)
[2018-02-07 18:09:16,178] DEBUG [PartitionStateMachine controllerId=0] Initializing leader and isr for partition __consumer_offsets-40 to (Leader:0,ISR:0,LeaderEpoch:0,ControllerEpoch:1) (kafka.controller.PartitionStateMachine)
[2018-02-07 18:09:16,180] DEBUG [PartitionStateMachine controllerId=0] Live assigned replicas for partition __consumer_offsets-18 are: [List(0)] (kafka.controller.PartitionStateMachine)
[2018-02-07 18:09:16,180] DEBUG [PartitionStateMachine controllerId=0] Initializing leader and isr for partition __consumer_offsets-18 to (Leader:0,ISR:0,LeaderEpoch:0,ControllerEpoch:1) (kafka.controller.PartitionStateMachine)
[2018-02-07 18:09:16,182] DEBUG [PartitionStateMachine controllerId=0] Live assigned replicas for partition __consumer_offsets-26 are: [List(0)] (kafka.controller.PartitionStateMachine)
[2018-02-07 18:09:16,182] DEBUG [PartitionStateMachine controllerId=0] Initializing leader and isr for partition __consumer_offsets-26 to (Leader:0,ISR:0,LeaderEpoch:0,ControllerEpoch:1) (kafka.controller.PartitionStateMachine)
[2018-02-07 18:09:16,185] DEBUG [PartitionStateMachine controllerId=0] Live assigned replicas for partition __consumer_offsets-0 are: [List(0)] (kafka.controller.PartitionStateMachine)
[2018-02-07 18:09:16,185] DEBUG [PartitionStateMachine controllerId=0] Initializing leader and isr for partition __consumer_offsets-0 to (Leader:0,ISR:0,LeaderEpoch:0,ControllerEpoch:1) (kafka.controller.PartitionStateMachine)
[2018-02-07 18:09:16,187] DEBUG [PartitionStateMachine controllerId=0] Live assigned replicas for partition __consumer_offsets-24 are: [List(0)] (kafka.controller.PartitionStateMachine)
[2018-02-07 18:09:16,187] DEBUG [PartitionStateMachine controllerId=0] Initializing leader and isr for partition __consumer_offsets-24 to (Leader:0,ISR:0,LeaderEpoch:0,ControllerEpoch:1) (kafka.controller.PartitionStateMachine)
[2018-02-07 18:09:16,189] DEBUG [PartitionStateMachine controllerId=0] Live assigned replicas for partition __consumer_offsets-33 are: [List(0)] (kafka.controller.PartitionStateMachine)
[2018-02-07 18:09:16,190] DEBUG [PartitionStateMachine controllerId=0] Initializing leader and isr for partition __consumer_offsets-33 to (Leader:0,ISR:0,LeaderEpoch:0,ControllerEpoch:1) (kafka.controller.PartitionStateMachine)
[2018-02-07 18:09:16,192] DEBUG [PartitionStateMachine controllerId=0] Live assigned replicas for partition __consumer_offsets-20 are: [List(0)] (kafka.controller.PartitionStateMachine)
[2018-02-07 18:09:16,192] DEBUG [PartitionStateMachine controllerId=0] Initializing leader and isr for partition __consumer_offsets-20 to (Leader:0,ISR:0,LeaderEpoch:0,ControllerEpoch:1) (kafka.controller.PartitionStateMachine)
[2018-02-07 18:09:16,194] DEBUG [PartitionStateMachine controllerId=0] Live assigned replicas for partition __consumer_offsets-21 are: [List(0)] (kafka.controller.PartitionStateMachine)
[2018-02-07 18:09:16,194] DEBUG [PartitionStateMachine controllerId=0] Initializing leader and isr for partition __consumer_offsets-21 to (Leader:0,ISR:0,LeaderEpoch:0,ControllerEpoch:1) (kafka.controller.PartitionStateMachine)
[2018-02-07 18:09:16,196] DEBUG [PartitionStateMachine controllerId=0] Live assigned replicas for partition __consumer_offsets-3 are: [List(0)] (kafka.controller.PartitionStateMachine)
[2018-02-07 18:09:16,196] DEBUG [PartitionStateMachine controllerId=0] Initializing leader and isr for partition __consumer_offsets-3 to (Leader:0,ISR:0,LeaderEpoch:0,ControllerEpoch:1) (kafka.controller.PartitionStateMachine)
[2018-02-07 18:09:16,199] DEBUG [PartitionStateMachine controllerId=0] Live assigned replicas for partition __consumer_offsets-5 are: [List(0)] (kafka.controller.PartitionStateMachine)
[2018-02-07 18:09:16,199] DEBUG [PartitionStateMachine controllerId=0] Initializing leader and isr for partition __consumer_offsets-5 to (Leader:0,ISR:0,LeaderEpoch:0,ControllerEpoch:1) (kafka.controller.PartitionStateMachine)
[2018-02-07 18:09:16,202] DEBUG [PartitionStateMachine controllerId=0] Live assigned replicas for partition __consumer_offsets-22 are: [List(0)] (kafka.controller.PartitionStateMachine)
[2018-02-07 18:09:16,202] DEBUG [PartitionStateMachine controllerId=0] Initializing leader and isr for partition __consumer_offsets-22 to (Leader:0,ISR:0,LeaderEpoch:0,ControllerEpoch:1) (kafka.controller.PartitionStateMachine)
[2018-02-07 18:09:16,205] DEBUG [PartitionStateMachine controllerId=0] Live assigned replicas for partition __consumer_offsets-12 are: [List(0)] (kafka.controller.PartitionStateMachine)
[2018-02-07 18:09:16,205] DEBUG [PartitionStateMachine controllerId=0] Initializing leader and isr for partition __consumer_offsets-12 to (Leader:0,ISR:0,LeaderEpoch:0,ControllerEpoch:1) (kafka.controller.PartitionStateMachine)
[2018-02-07 18:09:16,207] DEBUG [PartitionStateMachine controllerId=0] Live assigned replicas for partition __consumer_offsets-8 are: [List(0)] (kafka.controller.PartitionStateMachine)
[2018-02-07 18:09:16,207] DEBUG [PartitionStateMachine controllerId=0] Initializing leader and isr for partition __consumer_offsets-8 to (Leader:0,ISR:0,LeaderEpoch:0,ControllerEpoch:1) (kafka.controller.PartitionStateMachine)
[2018-02-07 18:09:16,210] DEBUG [PartitionStateMachine controllerId=0] Live assigned replicas for partition __consumer_offsets-23 are: [List(0)] (kafka.controller.PartitionStateMachine)
[2018-02-07 18:09:16,210] DEBUG [PartitionStateMachine controllerId=0] Initializing leader and isr for partition __consumer_offsets-23 to (Leader:0,ISR:0,LeaderEpoch:0,ControllerEpoch:1) (kafka.controller.PartitionStateMachine)
[2018-02-07 18:09:16,212] DEBUG [PartitionStateMachine controllerId=0] Live assigned replicas for partition __consumer_offsets-15 are: [List(0)] (kafka.controller.PartitionStateMachine)
[2018-02-07 18:09:16,212] DEBUG [PartitionStateMachine controllerId=0] Initializing leader and isr for partition __consumer_offsets-15 to (Leader:0,ISR:0,LeaderEpoch:0,ControllerEpoch:1) (kafka.controller.PartitionStateMachine)
[2018-02-07 18:09:16,215] DEBUG [PartitionStateMachine controllerId=0] Live assigned replicas for partition __consumer_offsets-48 are: [List(0)] (kafka.controller.PartitionStateMachine)
[2018-02-07 18:09:16,215] DEBUG [PartitionStateMachine controllerId=0] Initializing leader and isr for partition __consumer_offsets-48 to (Leader:0,ISR:0,LeaderEpoch:0,ControllerEpoch:1) (kafka.controller.PartitionStateMachine)
[2018-02-07 18:09:16,217] DEBUG [PartitionStateMachine controllerId=0] Live assigned replicas for partition __consumer_offsets-11 are: [List(0)] (kafka.controller.PartitionStateMachine)
[2018-02-07 18:09:16,217] DEBUG [PartitionStateMachine controllerId=0] Initializing leader and isr for partition __consumer_offsets-11 to (Leader:0,ISR:0,LeaderEpoch:0,ControllerEpoch:1) (kafka.controller.PartitionStateMachine)
[2018-02-07 18:09:16,219] DEBUG [PartitionStateMachine controllerId=0] Live assigned replicas for partition __consumer_offsets-13 are: [List(0)] (kafka.controller.PartitionStateMachine)
[2018-02-07 18:09:16,219] DEBUG [PartitionStateMachine controllerId=0] Initializing leader and isr for partition __consumer_offsets-13 to (Leader:0,ISR:0,LeaderEpoch:0,ControllerEpoch:1) (kafka.controller.PartitionStateMachine)
[2018-02-07 18:09:16,221] DEBUG [PartitionStateMachine controllerId=0] Live assigned replicas for partition __consumer_offsets-49 are: [List(0)] (kafka.controller.PartitionStateMachine)
[2018-02-07 18:09:16,222] DEBUG [PartitionStateMachine controllerId=0] Initializing leader and isr for partition __consumer_offsets-49 to (Leader:0,ISR:0,LeaderEpoch:0,ControllerEpoch:1) (kafka.controller.PartitionStateMachine)
[2018-02-07 18:09:16,225] DEBUG [PartitionStateMachine controllerId=0] Live assigned replicas for partition __consumer_offsets-6 are: [List(0)] (kafka.controller.PartitionStateMachine)
[2018-02-07 18:09:16,225] DEBUG [PartitionStateMachine controllerId=0] Initializing leader and isr for partition __consumer_offsets-6 to (Leader:0,ISR:0,LeaderEpoch:0,ControllerEpoch:1) (kafka.controller.PartitionStateMachine)
[2018-02-07 18:09:16,228] DEBUG [PartitionStateMachine controllerId=0] Live assigned replicas for partition __consumer_offsets-28 are: [List(0)] (kafka.controller.PartitionStateMachine)
[2018-02-07 18:09:16,228] DEBUG [PartitionStateMachine controllerId=0] Initializing leader and isr for partition __consumer_offsets-28 to (Leader:0,ISR:0,LeaderEpoch:0,ControllerEpoch:1) (kafka.controller.PartitionStateMachine)
[2018-02-07 18:09:16,230] DEBUG [PartitionStateMachine controllerId=0] Live assigned replicas for partition __consumer_offsets-4 are: [List(0)] (kafka.controller.PartitionStateMachine)
[2018-02-07 18:09:16,230] DEBUG [PartitionStateMachine controllerId=0] Initializing leader and isr for partition __consumer_offsets-4 to (Leader:0,ISR:0,LeaderEpoch:0,ControllerEpoch:1) (kafka.controller.PartitionStateMachine)
[2018-02-07 18:09:16,232] DEBUG [PartitionStateMachine controllerId=0] Live assigned replicas for partition __consumer_offsets-37 are: [List(0)] (kafka.controller.PartitionStateMachine)
[2018-02-07 18:09:16,232] DEBUG [PartitionStateMachine controllerId=0] Initializing leader and isr for partition __consumer_offsets-37 to (Leader:0,ISR:0,LeaderEpoch:0,ControllerEpoch:1) (kafka.controller.PartitionStateMachine)
[2018-02-07 18:09:16,235] DEBUG [PartitionStateMachine controllerId=0] Live assigned replicas for partition __consumer_offsets-31 are: [List(0)] (kafka.controller.PartitionStateMachine)
[2018-02-07 18:09:16,235] DEBUG [PartitionStateMachine controllerId=0] Initializing leader and isr for partition __consumer_offsets-31 to (Leader:0,ISR:0,LeaderEpoch:0,ControllerEpoch:1) (kafka.controller.PartitionStateMachine)
[2018-02-07 18:09:16,237] DEBUG [PartitionStateMachine controllerId=0] Live assigned replicas for partition __consumer_offsets-44 are: [List(0)] (kafka.controller.PartitionStateMachine)
[2018-02-07 18:09:16,237] DEBUG [PartitionStateMachine controllerId=0] Initializing leader and isr for partition __consumer_offsets-44 to (Leader:0,ISR:0,LeaderEpoch:0,ControllerEpoch:1) (kafka.controller.PartitionStateMachine)
[2018-02-07 18:09:16,239] DEBUG [PartitionStateMachine controllerId=0] Live assigned replicas for partition __consumer_offsets-42 are: [List(0)] (kafka.controller.PartitionStateMachine)
[2018-02-07 18:09:16,239] DEBUG [PartitionStateMachine controllerId=0] Initializing leader and isr for partition __consumer_offsets-42 to (Leader:0,ISR:0,LeaderEpoch:0,ControllerEpoch:1) (kafka.controller.PartitionStateMachine)
[2018-02-07 18:09:16,241] DEBUG [PartitionStateMachine controllerId=0] Live assigned replicas for partition __consumer_offsets-34 are: [List(0)] (kafka.controller.PartitionStateMachine)
[2018-02-07 18:09:16,241] DEBUG [PartitionStateMachine controllerId=0] Initializing leader and isr for partition __consumer_offsets-34 to (Leader:0,ISR:0,LeaderEpoch:0,ControllerEpoch:1) (kafka.controller.PartitionStateMachine)
[2018-02-07 18:09:16,244] DEBUG [PartitionStateMachine controllerId=0] Live assigned replicas for partition __consumer_offsets-46 are: [List(0)] (kafka.controller.PartitionStateMachine)
[2018-02-07 18:09:16,244] DEBUG [PartitionStateMachine controllerId=0] Initializing leader and isr for partition __consumer_offsets-46 to (Leader:0,ISR:0,LeaderEpoch:0,ControllerEpoch:1) (kafka.controller.PartitionStateMachine)
[2018-02-07 18:09:16,246] DEBUG [PartitionStateMachine controllerId=0] Live assigned replicas for partition __consumer_offsets-25 are: [List(0)] (kafka.controller.PartitionStateMachine)
[2018-02-07 18:09:16,246] DEBUG [PartitionStateMachine controllerId=0] Initializing leader and isr for partition __consumer_offsets-25 to (Leader:0,ISR:0,LeaderEpoch:0,ControllerEpoch:1) (kafka.controller.PartitionStateMachine)
[2018-02-07 18:09:16,249] DEBUG [PartitionStateMachine controllerId=0] Live assigned replicas for partition __consumer_offsets-45 are: [List(0)] (kafka.controller.PartitionStateMachine)
[2018-02-07 18:09:16,249] DEBUG [PartitionStateMachine controllerId=0] Initializing leader and isr for partition __consumer_offsets-45 to (Leader:0,ISR:0,LeaderEpoch:0,ControllerEpoch:1) (kafka.controller.PartitionStateMachine)
[2018-02-07 18:09:16,251] DEBUG [PartitionStateMachine controllerId=0] Live assigned replicas for partition __consumer_offsets-27 are: [List(0)] (kafka.controller.PartitionStateMachine)
[2018-02-07 18:09:16,252] DEBUG [PartitionStateMachine controllerId=0] Initializing leader and isr for partition __consumer_offsets-27 to (Leader:0,ISR:0,LeaderEpoch:0,ControllerEpoch:1) (kafka.controller.PartitionStateMachine)
[2018-02-07 18:09:16,254] DEBUG [PartitionStateMachine controllerId=0] Live assigned replicas for partition __consumer_offsets-32 are: [List(0)] (kafka.controller.PartitionStateMachine)
[2018-02-07 18:09:16,254] DEBUG [PartitionStateMachine controllerId=0] Initializing leader and isr for partition __consumer_offsets-32 to (Leader:0,ISR:0,LeaderEpoch:0,ControllerEpoch:1) (kafka.controller.PartitionStateMachine)
[2018-02-07 18:09:16,256] DEBUG [PartitionStateMachine controllerId=0] Live assigned replicas for partition __consumer_offsets-43 are: [List(0)] (kafka.controller.PartitionStateMachine)
[2018-02-07 18:09:16,256] DEBUG [PartitionStateMachine controllerId=0] Initializing leader and isr for partition __consumer_offsets-43 to (Leader:0,ISR:0,LeaderEpoch:0,ControllerEpoch:1) (kafka.controller.PartitionStateMachine)
[2018-02-07 18:09:16,258] DEBUG [PartitionStateMachine controllerId=0] Live assigned replicas for partition __consumer_offsets-36 are: [List(0)] (kafka.controller.PartitionStateMachine)
[2018-02-07 18:09:16,258] DEBUG [PartitionStateMachine controllerId=0] Initializing leader and isr for partition __consumer_offsets-36 to (Leader:0,ISR:0,LeaderEpoch:0,ControllerEpoch:1) (kafka.controller.PartitionStateMachine)
[2018-02-07 18:09:16,260] DEBUG [PartitionStateMachine controllerId=0] Live assigned replicas for partition __consumer_offsets-35 are: [List(0)] (kafka.controller.PartitionStateMachine)
[2018-02-07 18:09:16,260] DEBUG [PartitionStateMachine controllerId=0] Initializing leader and isr for partition __consumer_offsets-35 to (Leader:0,ISR:0,LeaderEpoch:0,ControllerEpoch:1) (kafka.controller.PartitionStateMachine)
[2018-02-07 18:09:16,262] DEBUG [PartitionStateMachine controllerId=0] Live assigned replicas for partition __consumer_offsets-7 are: [List(0)] (kafka.controller.PartitionStateMachine)
[2018-02-07 18:09:16,262] DEBUG [PartitionStateMachine controllerId=0] Initializing leader and isr for partition __consumer_offsets-7 to (Leader:0,ISR:0,LeaderEpoch:0,ControllerEpoch:1) (kafka.controller.PartitionStateMachine)
[2018-02-07 18:09:16,264] DEBUG [PartitionStateMachine controllerId=0] Live assigned replicas for partition __consumer_offsets-9 are: [List(0)] (kafka.controller.PartitionStateMachine)
[2018-02-07 18:09:16,264] DEBUG [PartitionStateMachine controllerId=0] Initializing leader and isr for partition __consumer_offsets-9 to (Leader:0,ISR:0,LeaderEpoch:0,ControllerEpoch:1) (kafka.controller.PartitionStateMachine)
[2018-02-07 18:09:16,267] DEBUG [PartitionStateMachine controllerId=0] Live assigned replicas for partition __consumer_offsets-38 are: [List(0)] (kafka.controller.PartitionStateMachine)
[2018-02-07 18:09:16,267] DEBUG [PartitionStateMachine controllerId=0] Initializing leader and isr for partition __consumer_offsets-38 to (Leader:0,ISR:0,LeaderEpoch:0,ControllerEpoch:1) (kafka.controller.PartitionStateMachine)
[2018-02-07 18:09:16,270] DEBUG [PartitionStateMachine controllerId=0] Live assigned replicas for partition __consumer_offsets-1 are: [List(0)] (kafka.controller.PartitionStateMachine)
[2018-02-07 18:09:16,270] DEBUG [PartitionStateMachine controllerId=0] Initializing leader and isr for partition __consumer_offsets-1 to (Leader:0,ISR:0,LeaderEpoch:0,ControllerEpoch:1) (kafka.controller.PartitionStateMachine)
[2018-02-07 18:09:16,272] DEBUG [PartitionStateMachine controllerId=0] Live assigned replicas for partition __consumer_offsets-16 are: [List(0)] (kafka.controller.PartitionStateMachine)
[2018-02-07 18:09:16,272] DEBUG [PartitionStateMachine controllerId=0] Initializing leader and isr for partition __consumer_offsets-16 to (Leader:0,ISR:0,LeaderEpoch:0,ControllerEpoch:1) (kafka.controller.PartitionStateMachine)
[2018-02-07 18:09:16,275] DEBUG [PartitionStateMachine controllerId=0] Live assigned replicas for partition __consumer_offsets-2 are: [List(0)] (kafka.controller.PartitionStateMachine)
[2018-02-07 18:09:16,275] DEBUG [PartitionStateMachine controllerId=0] Initializing leader and isr for partition __consumer_offsets-2 to (Leader:0,ISR:0,LeaderEpoch:0,ControllerEpoch:1) (kafka.controller.PartitionStateMachine)
[2018-02-07 18:09:16,283] INFO [ReplicaStateMachine controllerId=0] Invoking state change to OnlineReplica for replicas [Topic=__consumer_offsets,Partition=25,Replica=0],[Topic=__consumer_offsets,Partition=12,Replica=0],[Topic=__consumer_offsets,Partition=31,Replica=0],[Topic=__consumer_offsets,Partition=40,Replica=0],[Topic=__consumer_offsets,Partition=35,Replica=0],[Topic=__consumer_offsets,Partition=9,Replica=0],[Topic=__consumer_offsets,Partition=43,Replica=0],[Topic=__consumer_offsets,Partition=2,Replica=0],[Topic=__consumer_offsets,Partition=11,Replica=0],[Topic=__consumer_offsets,Partition=29,Replica=0],[Topic=__consumer_offsets,Partition=30,Replica=0],[Topic=__consumer_offsets,Partition=4,Replica=0],[Topic=__consumer_offsets,Partition=42,Replica=0],[Topic=__consumer_offsets,Partition=26,Replica=0],[Topic=__consumer_offsets,Partition=34,Replica=0],[Topic=__consumer_offsets,Partition=17,Replica=0],[Topic=__consumer_offsets,Partition=37,Replica=0],[Topic=__consumer_offsets,Partition=27,Replica=0],[Topic=__consumer_offsets,Partition=10,Replica=0],[Topic=__consumer_offsets,Partition=41,Replica=0],[Topic=__consumer_offsets,Partition=20,Replica=0],[Topic=__consumer_offsets,Partition=28,Replica=0],[Topic=__consumer_offsets,Partition=46,Replica=0],[Topic=__consumer_offsets,Partition=39,Replica=0],[Topic=__consumer_offsets,Partition=47,Replica=0],[Topic=__consumer_offsets,Partition=49,Replica=0],[Topic=__consumer_offsets,Partition=22,Replica=0],[Topic=__consumer_offsets,Partition=1,Replica=0],[Topic=__consumer_offsets,Partition=24,Replica=0],[Topic=__consumer_offsets,Partition=6,Replica=0],[Topic=__consumer_offsets,Partition=36,Replica=0],[Topic=__consumer_offsets,Partition=8,Replica=0],[Topic=__consumer_offsets,Partition=38,Replica=0],[Topic=__consumer_offsets,Partition=16,Replica=0],[Topic=__consumer_offsets,Partition=21,Replica=0],[Topic=__consumer_offsets,Partition=18,Replica=0],[Topic=__consumer_offsets,Partition=0,Replica=0],[Topic=__consumer_offsets,Partition=48,Replica=0],[Topic=__consumer_offsets,Partition=5,Replica=0],[Topic=__consumer_offsets,Partition=13,Replica=0],[Topic=__consumer_offsets,Partition=3,Replica=0],[Topic=__consumer_offsets,Partition=44,Replica=0],[Topic=__consumer_offsets,Partition=15,Replica=0],[Topic=__consumer_offsets,Partition=7,Replica=0],[Topic=__consumer_offsets,Partition=19,Replica=0],[Topic=__consumer_offsets,Partition=33,Replica=0],[Topic=__consumer_offsets,Partition=45,Replica=0],[Topic=__consumer_offsets,Partition=23,Replica=0],[Topic=__consumer_offsets,Partition=32,Replica=0],[Topic=__consumer_offsets,Partition=14,Replica=0] (kafka.controller.ReplicaStateMachine)
[2018-02-07 18:11:42,099] TRACE [Controller id=0] Checking need to trigger auto leader balancing (kafka.controller.KafkaController)
[2018-02-07 18:11:42,100] DEBUG [Controller id=0] Preferred replicas by broker Map(0 -> Map(__consumer_offsets-19 -> Vector(0), __consumer_offsets-30 -> Vector(0), mytest-0 -> Vector(0), __consumer_offsets-47 -> Vector(0), __consumer_offsets-29 -> Vector(0), __consumer_offsets-41 -> Vector(0), __consumer_offsets-39 -> Vector(0), __consumer_offsets-10 -> Vector(0), __consumer_offsets-17 -> Vector(0), __consumer_offsets-14 -> Vector(0), __consumer_offsets-40 -> Vector(0), __consumer_offsets-18 -> Vector(0), __consumer_offsets-26 -> Vector(0), __consumer_offsets-0 -> Vector(0), __consumer_offsets-24 -> Vector(0), __consumer_offsets-33 -> Vector(0), __consumer_offsets-20 -> Vector(0), __consumer_offsets-21 -> Vector(0), __consumer_offsets-3 -> Vector(0), __consumer_offsets-5 -> Vector(0), __consumer_offsets-22 -> Vector(0), __consumer_offsets-12 -> Vector(0), __consumer_offsets-8 -> Vector(0), __consumer_offsets-23 -> Vector(0), __consumer_offsets-15 -> Vector(0), __consumer_offsets-48 -> Vector(0), __consumer_offsets-11 -> Vector(0), __consumer_offsets-13 -> Vector(0), __consumer_offsets-49 -> Vector(0), __consumer_offsets-6 -> Vector(0), __consumer_offsets-28 -> Vector(0), __consumer_offsets-4 -> Vector(0), __consumer_offsets-37 -> Vector(0), __consumer_offsets-31 -> Vector(0), __consumer_offsets-44 -> Vector(0), __consumer_offsets-42 -> Vector(0), __consumer_offsets-34 -> Vector(0), __consumer_offsets-46 -> Vector(0), __consumer_offsets-25 -> Vector(0), __consumer_offsets-45 -> Vector(0), __consumer_offsets-27 -> Vector(0), __consumer_offsets-32 -> Vector(0), __consumer_offsets-43 -> Vector(0), __consumer_offsets-36 -> Vector(0), __consumer_offsets-35 -> Vector(0), __consumer_offsets-7 -> Vector(0), __consumer_offsets-9 -> Vector(0), __consumer_offsets-38 -> Vector(0), __consumer_offsets-1 -> Vector(0), __consumer_offsets-16 -> Vector(0), __consumer_offsets-2 -> Vector(0))) (kafka.controller.KafkaController)
[2018-02-07 18:11:42,101] DEBUG [Controller id=0] Topics not in preferred replica Map() (kafka.controller.KafkaController)
[2018-02-07 18:11:42,101] TRACE [Controller id=0] Leader imbalance ratio for broker 0 is 0.0 (kafka.controller.KafkaController)
[2018-02-07 18:16:42,093] TRACE [Controller id=0] Checking need to trigger auto leader balancing (kafka.controller.KafkaController)
[2018-02-07 18:16:42,095] DEBUG [Controller id=0] Preferred replicas by broker Map(0 -> Map(__consumer_offsets-19 -> Vector(0), __consumer_offsets-30 -> Vector(0), mytest-0 -> Vector(0), __consumer_offsets-47 -> Vector(0), __consumer_offsets-29 -> Vector(0), __consumer_offsets-41 -> Vector(0), __consumer_offsets-39 -> Vector(0), __consumer_offsets-10 -> Vector(0), __consumer_offsets-17 -> Vector(0), __consumer_offsets-14 -> Vector(0), __consumer_offsets-40 -> Vector(0), __consumer_offsets-18 -> Vector(0), __consumer_offsets-26 -> Vector(0), __consumer_offsets-0 -> Vector(0), __consumer_offsets-24 -> Vector(0), __consumer_offsets-33 -> Vector(0), __consumer_offsets-20 -> Vector(0), __consumer_offsets-21 -> Vector(0), __consumer_offsets-3 -> Vector(0), __consumer_offsets-5 -> Vector(0), __consumer_offsets-22 -> Vector(0), __consumer_offsets-12 -> Vector(0), __consumer_offsets-8 -> Vector(0), __consumer_offsets-23 -> Vector(0), __consumer_offsets-15 -> Vector(0), __consumer_offsets-48 -> Vector(0), __consumer_offsets-11 -> Vector(0), __consumer_offsets-13 -> Vector(0), __consumer_offsets-49 -> Vector(0), __consumer_offsets-6 -> Vector(0), __consumer_offsets-28 -> Vector(0), __consumer_offsets-4 -> Vector(0), __consumer_offsets-37 -> Vector(0), __consumer_offsets-31 -> Vector(0), __consumer_offsets-44 -> Vector(0), __consumer_offsets-42 -> Vector(0), __consumer_offsets-34 -> Vector(0), __consumer_offsets-46 -> Vector(0), __consumer_offsets-25 -> Vector(0), __consumer_offsets-45 -> Vector(0), __consumer_offsets-27 -> Vector(0), __consumer_offsets-32 -> Vector(0), __consumer_offsets-43 -> Vector(0), __consumer_offsets-36 -> Vector(0), __consumer_offsets-35 -> Vector(0), __consumer_offsets-7 -> Vector(0), __consumer_offsets-9 -> Vector(0), __consumer_offsets-38 -> Vector(0), __consumer_offsets-1 -> Vector(0), __consumer_offsets-16 -> Vector(0), __consumer_offsets-2 -> Vector(0))) (kafka.controller.KafkaController)
[2018-02-07 18:16:42,095] DEBUG [Controller id=0] Topics not in preferred replica Map() (kafka.controller.KafkaController)
[2018-02-07 18:16:42,095] TRACE [Controller id=0] Leader imbalance ratio for broker 0 is 0.0 (kafka.controller.KafkaController)
[2018-02-07 18:21:42,089] TRACE [Controller id=0] Checking need to trigger auto leader balancing (kafka.controller.KafkaController)
[2018-02-07 18:21:42,090] DEBUG [Controller id=0] Preferred replicas by broker Map(0 -> Map(__consumer_offsets-19 -> Vector(0), __consumer_offsets-30 -> Vector(0), mytest-0 -> Vector(0), __consumer_offsets-47 -> Vector(0), __consumer_offsets-29 -> Vector(0), __consumer_offsets-41 -> Vector(0), __consumer_offsets-39 -> Vector(0), __consumer_offsets-10 -> Vector(0), __consumer_offsets-17 -> Vector(0), __consumer_offsets-14 -> Vector(0), __consumer_offsets-40 -> Vector(0), __consumer_offsets-18 -> Vector(0), __consumer_offsets-26 -> Vector(0), __consumer_offsets-0 -> Vector(0), __consumer_offsets-24 -> Vector(0), __consumer_offsets-33 -> Vector(0), __consumer_offsets-20 -> Vector(0), __consumer_offsets-21 -> Vector(0), __consumer_offsets-3 -> Vector(0), __consumer_offsets-5 -> Vector(0), __consumer_offsets-22 -> Vector(0), __consumer_offsets-12 -> Vector(0), __consumer_offsets-8 -> Vector(0), __consumer_offsets-23 -> Vector(0), __consumer_offsets-15 -> Vector(0), __consumer_offsets-48 -> Vector(0), __consumer_offsets-11 -> Vector(0), __consumer_offsets-13 -> Vector(0), __consumer_offsets-49 -> Vector(0), __consumer_offsets-6 -> Vector(0), __consumer_offsets-28 -> Vector(0), __consumer_offsets-4 -> Vector(0), __consumer_offsets-37 -> Vector(0), __consumer_offsets-31 -> Vector(0), __consumer_offsets-44 -> Vector(0), __consumer_offsets-42 -> Vector(0), __consumer_offsets-34 -> Vector(0), __consumer_offsets-46 -> Vector(0), __consumer_offsets-25 -> Vector(0), __consumer_offsets-45 -> Vector(0), __consumer_offsets-27 -> Vector(0), __consumer_offsets-32 -> Vector(0), __consumer_offsets-43 -> Vector(0), __consumer_offsets-36 -> Vector(0), __consumer_offsets-35 -> Vector(0), __consumer_offsets-7 -> Vector(0), __consumer_offsets-9 -> Vector(0), __consumer_offsets-38 -> Vector(0), __consumer_offsets-1 -> Vector(0), __consumer_offsets-16 -> Vector(0), __consumer_offsets-2 -> Vector(0))) (kafka.controller.KafkaController)
[2018-02-07 18:21:42,090] DEBUG [Controller id=0] Topics not in preferred replica Map() (kafka.controller.KafkaController)
[2018-02-07 18:21:42,090] TRACE [Controller id=0] Leader imbalance ratio for broker 0 is 0.0 (kafka.controller.KafkaController)
[2018-02-07 18:26:42,086] TRACE [Controller id=0] Checking need to trigger auto leader balancing (kafka.controller.KafkaController)
[2018-02-07 18:26:42,086] DEBUG [Controller id=0] Preferred replicas by broker Map(0 -> Map(__consumer_offsets-19 -> Vector(0), __consumer_offsets-30 -> Vector(0), mytest-0 -> Vector(0), __consumer_offsets-47 -> Vector(0), __consumer_offsets-29 -> Vector(0), __consumer_offsets-41 -> Vector(0), __consumer_offsets-39 -> Vector(0), __consumer_offsets-10 -> Vector(0), __consumer_offsets-17 -> Vector(0), __consumer_offsets-14 -> Vector(0), __consumer_offsets-40 -> Vector(0), __consumer_offsets-18 -> Vector(0), __consumer_offsets-26 -> Vector(0), __consumer_offsets-0 -> Vector(0), __consumer_offsets-24 -> Vector(0), __consumer_offsets-33 -> Vector(0), __consumer_offsets-20 -> Vector(0), __consumer_offsets-21 -> Vector(0), __consumer_offsets-3 -> Vector(0), __consumer_offsets-5 -> Vector(0), __consumer_offsets-22 -> Vector(0), __consumer_offsets-12 -> Vector(0), __consumer_offsets-8 -> Vector(0), __consumer_offsets-23 -> Vector(0), __consumer_offsets-15 -> Vector(0), __consumer_offsets-48 -> Vector(0), __consumer_offsets-11 -> Vector(0), __consumer_offsets-13 -> Vector(0), __consumer_offsets-49 -> Vector(0), __consumer_offsets-6 -> Vector(0), __consumer_offsets-28 -> Vector(0), __consumer_offsets-4 -> Vector(0), __consumer_offsets-37 -> Vector(0), __consumer_offsets-31 -> Vector(0), __consumer_offsets-44 -> Vector(0), __consumer_offsets-42 -> Vector(0), __consumer_offsets-34 -> Vector(0), __consumer_offsets-46 -> Vector(0), __consumer_offsets-25 -> Vector(0), __consumer_offsets-45 -> Vector(0), __consumer_offsets-27 -> Vector(0), __consumer_offsets-32 -> Vector(0), __consumer_offsets-43 -> Vector(0), __consumer_offsets-36 -> Vector(0), __consumer_offsets-35 -> Vector(0), __consumer_offsets-7 -> Vector(0), __consumer_offsets-9 -> Vector(0), __consumer_offsets-38 -> Vector(0), __consumer_offsets-1 -> Vector(0), __consumer_offsets-16 -> Vector(0), __consumer_offsets-2 -> Vector(0))) (kafka.controller.KafkaController)
[2018-02-07 18:26:42,087] DEBUG [Controller id=0] Topics not in preferred replica Map() (kafka.controller.KafkaController)
[2018-02-07 18:26:42,087] TRACE [Controller id=0] Leader imbalance ratio for broker 0 is 0.0 (kafka.controller.KafkaController)
[2018-02-07 18:31:42,079] TRACE [Controller id=0] Checking need to trigger auto leader balancing (kafka.controller.KafkaController)
[2018-02-07 18:31:42,080] DEBUG [Controller id=0] Preferred replicas by broker Map(0 -> Map(__consumer_offsets-19 -> Vector(0), __consumer_offsets-30 -> Vector(0), mytest-0 -> Vector(0), __consumer_offsets-47 -> Vector(0), __consumer_offsets-29 -> Vector(0), __consumer_offsets-41 -> Vector(0), __consumer_offsets-39 -> Vector(0), __consumer_offsets-10 -> Vector(0), __consumer_offsets-17 -> Vector(0), __consumer_offsets-14 -> Vector(0), __consumer_offsets-40 -> Vector(0), __consumer_offsets-18 -> Vector(0), __consumer_offsets-26 -> Vector(0), __consumer_offsets-0 -> Vector(0), __consumer_offsets-24 -> Vector(0), __consumer_offsets-33 -> Vector(0), __consumer_offsets-20 -> Vector(0), __consumer_offsets-21 -> Vector(0), __consumer_offsets-3 -> Vector(0), __consumer_offsets-5 -> Vector(0), __consumer_offsets-22 -> Vector(0), __consumer_offsets-12 -> Vector(0), __consumer_offsets-8 -> Vector(0), __consumer_offsets-23 -> Vector(0), __consumer_offsets-15 -> Vector(0), __consumer_offsets-48 -> Vector(0), __consumer_offsets-11 -> Vector(0), __consumer_offsets-13 -> Vector(0), __consumer_offsets-49 -> Vector(0), __consumer_offsets-6 -> Vector(0), __consumer_offsets-28 -> Vector(0), __consumer_offsets-4 -> Vector(0), __consumer_offsets-37 -> Vector(0), __consumer_offsets-31 -> Vector(0), __consumer_offsets-44 -> Vector(0), __consumer_offsets-42 -> Vector(0), __consumer_offsets-34 -> Vector(0), __consumer_offsets-46 -> Vector(0), __consumer_offsets-25 -> Vector(0), __consumer_offsets-45 -> Vector(0), __consumer_offsets-27 -> Vector(0), __consumer_offsets-32 -> Vector(0), __consumer_offsets-43 -> Vector(0), __consumer_offsets-36 -> Vector(0), __consumer_offsets-35 -> Vector(0), __consumer_offsets-7 -> Vector(0), __consumer_offsets-9 -> Vector(0), __consumer_offsets-38 -> Vector(0), __consumer_offsets-1 -> Vector(0), __consumer_offsets-16 -> Vector(0), __consumer_offsets-2 -> Vector(0))) (kafka.controller.KafkaController)
[2018-02-07 18:31:42,080] DEBUG [Controller id=0] Topics not in preferred replica Map() (kafka.controller.KafkaController)
[2018-02-07 18:31:42,080] TRACE [Controller id=0] Leader imbalance ratio for broker 0 is 0.0 (kafka.controller.KafkaController)
[2018-02-07 18:36:09,442] INFO [Controller id=0] Shutting down broker 0 (kafka.controller.KafkaController)
[2018-02-07 18:36:09,442] DEBUG [Controller id=0] All shutting down brokers: 0 (kafka.controller.KafkaController)
[2018-02-07 18:36:09,443] DEBUG [Controller id=0] Live brokers:  (kafka.controller.KafkaController)
[2018-02-07 18:36:09,447] TRACE [Controller id=0] All leaders = __consumer_offsets-19 -> (Leader:0,ISR:0,LeaderEpoch:0,ControllerEpoch:1),__consumer_offsets-30 -> (Leader:0,ISR:0,LeaderEpoch:0,ControllerEpoch:1),mytest-0 -> (Leader:0,ISR:0,LeaderEpoch:0,ControllerEpoch:1),__consumer_offsets-47 -> (Leader:0,ISR:0,LeaderEpoch:0,ControllerEpoch:1),__consumer_offsets-29 -> (Leader:0,ISR:0,LeaderEpoch:0,ControllerEpoch:1),__consumer_offsets-41 -> (Leader:0,ISR:0,LeaderEpoch:0,ControllerEpoch:1),__consumer_offsets-39 -> (Leader:0,ISR:0,LeaderEpoch:0,ControllerEpoch:1),__consumer_offsets-10 -> (Leader:0,ISR:0,LeaderEpoch:0,ControllerEpoch:1),__consumer_offsets-17 -> (Leader:0,ISR:0,LeaderEpoch:0,ControllerEpoch:1),__consumer_offsets-14 -> (Leader:0,ISR:0,LeaderEpoch:0,ControllerEpoch:1),__consumer_offsets-40 -> (Leader:0,ISR:0,LeaderEpoch:0,ControllerEpoch:1),__consumer_offsets-18 -> (Leader:0,ISR:0,LeaderEpoch:0,ControllerEpoch:1),__consumer_offsets-0 -> (Leader:0,ISR:0,LeaderEpoch:0,ControllerEpoch:1),__consumer_offsets-26 -> (Leader:0,ISR:0,LeaderEpoch:0,ControllerEpoch:1),__consumer_offsets-24 -> (Leader:0,ISR:0,LeaderEpoch:0,ControllerEpoch:1),__consumer_offsets-33 -> (Leader:0,ISR:0,LeaderEpoch:0,ControllerEpoch:1),__consumer_offsets-20 -> (Leader:0,ISR:0,LeaderEpoch:0,ControllerEpoch:1),__consumer_offsets-3 -> (Leader:0,ISR:0,LeaderEpoch:0,ControllerEpoch:1),__consumer_offsets-21 -> (Leader:0,ISR:0,LeaderEpoch:0,ControllerEpoch:1),__consumer_offsets-22 -> (Leader:0,ISR:0,LeaderEpoch:0,ControllerEpoch:1),__consumer_offsets-5 -> (Leader:0,ISR:0,LeaderEpoch:0,ControllerEpoch:1),__consumer_offsets-12 -> (Leader:0,ISR:0,LeaderEpoch:0,ControllerEpoch:1),__consumer_offsets-8 -> (Leader:0,ISR:0,LeaderEpoch:0,ControllerEpoch:1),__consumer_offsets-23 -> (Leader:0,ISR:0,LeaderEpoch:0,ControllerEpoch:1),__consumer_offsets-15 -> (Leader:0,ISR:0,LeaderEpoch:0,ControllerEpoch:1),__consumer_offsets-48 -> (Leader:0,ISR:0,LeaderEpoch:0,ControllerEpoch:1),__consumer_offsets-11 -> (Leader:0,ISR:0,LeaderEpoch:0,ControllerEpoch:1),__consumer_offsets-13 -> (Leader:0,ISR:0,LeaderEpoch:0,ControllerEpoch:1),__consumer_offsets-49 -> (Leader:0,ISR:0,LeaderEpoch:0,ControllerEpoch:1),__consumer_offsets-6 -> (Leader:0,ISR:0,LeaderEpoch:0,ControllerEpoch:1),__consumer_offsets-28 -> (Leader:0,ISR:0,LeaderEpoch:0,ControllerEpoch:1),__consumer_offsets-4 -> (Leader:0,ISR:0,LeaderEpoch:0,ControllerEpoch:1),__consumer_offsets-37 -> (Leader:0,ISR:0,LeaderEpoch:0,ControllerEpoch:1),__consumer_offsets-31 -> (Leader:0,ISR:0,LeaderEpoch:0,ControllerEpoch:1),__consumer_offsets-44 -> (Leader:0,ISR:0,LeaderEpoch:0,ControllerEpoch:1),__consumer_offsets-42 -> (Leader:0,ISR:0,LeaderEpoch:0,ControllerEpoch:1),__consumer_offsets-34 -> (Leader:0,ISR:0,LeaderEpoch:0,ControllerEpoch:1),__consumer_offsets-46 -> (Leader:0,ISR:0,LeaderEpoch:0,ControllerEpoch:1),__consumer_offsets-25 -> (Leader:0,ISR:0,LeaderEpoch:0,ControllerEpoch:1),__consumer_offsets-45 -> (Leader:0,ISR:0,LeaderEpoch:0,ControllerEpoch:1),__consumer_offsets-27 -> (Leader:0,ISR:0,LeaderEpoch:0,ControllerEpoch:1),__consumer_offsets-32 -> (Leader:0,ISR:0,LeaderEpoch:0,ControllerEpoch:1),__consumer_offsets-43 -> (Leader:0,ISR:0,LeaderEpoch:0,ControllerEpoch:1),__consumer_offsets-36 -> (Leader:0,ISR:0,LeaderEpoch:0,ControllerEpoch:1),__consumer_offsets-35 -> (Leader:0,ISR:0,LeaderEpoch:0,ControllerEpoch:1),__consumer_offsets-7 -> (Leader:0,ISR:0,LeaderEpoch:0,ControllerEpoch:1),__consumer_offsets-9 -> (Leader:0,ISR:0,LeaderEpoch:0,ControllerEpoch:1),__consumer_offsets-38 -> (Leader:0,ISR:0,LeaderEpoch:0,ControllerEpoch:1),__consumer_offsets-1 -> (Leader:0,ISR:0,LeaderEpoch:0,ControllerEpoch:1),__consumer_offsets-2 -> (Leader:0,ISR:0,LeaderEpoch:0,ControllerEpoch:1),__consumer_offsets-16 -> (Leader:0,ISR:0,LeaderEpoch:0,ControllerEpoch:1) (kafka.controller.KafkaController)
[2018-02-07 18:36:11,693] INFO [controller-event-thread]: Shutting down (kafka.controller.ControllerEventManager$ControllerEventThread)
[2018-02-07 18:36:11,693] INFO [controller-event-thread]: Stopped (kafka.controller.ControllerEventManager$ControllerEventThread)
[2018-02-07 18:36:11,693] INFO [controller-event-thread]: Shutdown completed (kafka.controller.ControllerEventManager$ControllerEventThread)
[2018-02-07 18:36:11,694] DEBUG [Controller id=0] Resigning (kafka.controller.KafkaController)
[2018-02-07 18:36:11,694] DEBUG [Controller id=0] De-registering IsrChangeNotificationListener (kafka.controller.KafkaController)
[2018-02-07 18:36:11,695] DEBUG [Controller id=0] De-registering logDirEventNotificationListener (kafka.controller.KafkaController)
[2018-02-07 18:36:11,697] INFO [PartitionStateMachine controllerId=0] Stopped partition state machine (kafka.controller.PartitionStateMachine)
[2018-02-07 18:36:11,699] INFO [ReplicaStateMachine controllerId=0] Stopped replica state machine (kafka.controller.ReplicaStateMachine)
[2018-02-07 18:36:11,699] INFO [Controller-0-to-broker-0-send-thread]: Shutting down (kafka.controller.RequestSendThread)
[2018-02-07 18:36:11,699] INFO [Controller-0-to-broker-0-send-thread]: Stopped (kafka.controller.RequestSendThread)
[2018-02-07 18:36:11,700] INFO [Controller-0-to-broker-0-send-thread]: Shutdown completed (kafka.controller.RequestSendThread)
[2018-02-07 18:36:11,701] INFO [Controller id=0] Resigned (kafka.controller.KafkaController)
